{"/Users/tejashvigautam/Developer/apibot/app.js": {"path":"/Users/tejashvigautam/Developer/apibot/app.js","statementMap":{"0":{"start":{"line":10,"column":14},"end":{"line":10,"column":23}},"1":{"start":{"line":11,"column":17},"end":{"line":11,"column":42}},"2":{"start":{"line":13,"column":4},"end":{"line":19,"column":13}},"3":{"start":{"line":21,"column":2},"end":{"line":21,"column":42}},"4":{"start":{"line":23,"column":2},"end":{"line":25,"column":3}},"5":{"start":{"line":24,"column":4},"end":{"line":24,"column":42}},"6":{"start":{"line":27,"column":2},"end":{"line":27,"column":35}},"7":{"start":{"line":28,"column":2},"end":{"line":28,"column":30}},"8":{"start":{"line":29,"column":2},"end":{"line":29,"column":33}},"9":{"start":{"line":30,"column":2},"end":{"line":30,"column":43}},"10":{"start":{"line":32,"column":2},"end":{"line":37,"column":5}},"11":{"start":{"line":33,"column":4},"end":{"line":36,"column":7}},"12":{"start":{"line":39,"column":2},"end":{"line":52,"column":5}},"13":{"start":{"line":40,"column":4},"end":{"line":45,"column":5}},"14":{"start":{"line":41,"column":6},"end":{"line":44,"column":9}},"15":{"start":{"line":47,"column":4},"end":{"line":47,"column":22}},"16":{"start":{"line":48,"column":4},"end":{"line":51,"column":7}},"17":{"start":{"line":54,"column":2},"end":{"line":54,"column":13}}},"fnMap":{"0":{"name":"createApp","decl":{"start":{"line":9,"column":16},"end":{"line":9,"column":25}},"loc":{"start":{"line":9,"column":40},"end":{"line":55,"column":1}},"line":9},"1":{"name":"(anonymous_1)","decl":{"start":{"line":32,"column":10},"end":{"line":32,"column":11}},"loc":{"start":{"line":32,"column":24},"end":{"line":37,"column":3}},"line":32},"2":{"name":"(anonymous_2)","decl":{"start":{"line":39,"column":10},"end":{"line":39,"column":11}},"loc":{"start":{"line":39,"column":35},"end":{"line":52,"column":3}},"line":39}},"branchMap":{"0":{"loc":{"start":{"line":9,"column":26},"end":{"line":9,"column":38}},"type":"default-arg","locations":[{"start":{"line":9,"column":36},"end":{"line":9,"column":38}}],"line":9},"1":{"loc":{"start":{"line":11,"column":17},"end":{"line":11,"column":42}},"type":"binary-expr","locations":[{"start":{"line":11,"column":17},"end":{"line":11,"column":31}},{"start":{"line":11,"column":35},"end":{"line":11,"column":42}}],"line":11},"2":{"loc":{"start":{"line":13,"column":4},"end":{"line":19,"column":13}},"type":"binary-expr","locations":[{"start":{"line":13,"column":4},"end":{"line":13,"column":21}},{"start":{"line":14,"column":5},"end":{"line":19,"column":12}}],"line":13},"3":{"loc":{"start":{"line":14,"column":5},"end":{"line":19,"column":12}},"type":"cond-expr","locations":[{"start":{"line":15,"column":8},"end":{"line":18,"column":9}},{"start":{"line":19,"column":8},"end":{"line":19,"column":12}}],"line":14},"4":{"loc":{"start":{"line":16,"column":20},"end":{"line":16,"column":69}},"type":"binary-expr","locations":[{"start":{"line":16,"column":20},"end":{"line":16,"column":60}},{"start":{"line":16,"column":64},"end":{"line":16,"column":69}}],"line":16},"5":{"loc":{"start":{"line":17,"column":23},"end":{"line":17,"column":72}},"type":"binary-expr","locations":[{"start":{"line":17,"column":23},"end":{"line":17,"column":66}},{"start":{"line":17,"column":70},"end":{"line":17,"column":72}}],"line":17},"6":{"loc":{"start":{"line":23,"column":2},"end":{"line":25,"column":3}},"type":"if","locations":[{"start":{"line":23,"column":2},"end":{"line":25,"column":3}},{"start":{},"end":{}}],"line":23},"7":{"loc":{"start":{"line":40,"column":4},"end":{"line":45,"column":5}},"type":"if","locations":[{"start":{"line":40,"column":4},"end":{"line":45,"column":5}},{"start":{},"end":{}}],"line":40},"8":{"loc":{"start":{"line":40,"column":8},"end":{"line":40,"column":73}},"type":"binary-expr","locations":[{"start":{"line":40,"column":8},"end":{"line":40,"column":34}},{"start":{"line":40,"column":38},"end":{"line":40,"column":56}},{"start":{"line":40,"column":60},"end":{"line":40,"column":73}}],"line":40},"9":{"loc":{"start":{"line":48,"column":22},"end":{"line":48,"column":43}},"type":"binary-expr","locations":[{"start":{"line":48,"column":22},"end":{"line":48,"column":36}},{"start":{"line":48,"column":40},"end":{"line":48,"column":43}}],"line":48},"10":{"loc":{"start":{"line":50,"column":15},"end":{"line":50,"column":53}},"type":"binary-expr","locations":[{"start":{"line":50,"column":15},"end":{"line":50,"column":26}},{"start":{"line":50,"column":30},"end":{"line":50,"column":53}}],"line":50}},"s":{"0":2,"1":2,"2":2,"3":2,"4":2,"5":1,"6":2,"7":2,"8":2,"9":2,"10":2,"11":0,"12":2,"13":4,"14":1,"15":3,"16":3,"17":2},"f":{"0":2,"1":0,"2":4},"b":{"0":[0],"1":[2,0],"2":[2,1],"3":[0,1],"4":[0,0],"5":[0,0],"6":[1,1],"7":[1,3],"8":[4,1,1],"9":[3,3],"10":[3,0]},"_coverageSchema":"1a1c01bbd47fc00a2c39e90264f33305004495a9","hash":"5723bbecf42f345f6da2046c7d09fb7ddfd14a03"}
,"/Users/tejashvigautam/Developer/apibot/config/env.js": {"path":"/Users/tejashvigautam/Developer/apibot/config/env.js","statementMap":{"0":{"start":{"line":2,"column":16},"end":{"line":2,"column":33}},"1":{"start":{"line":4,"column":2},"end":{"line":8,"column":3}},"2":{"start":{"line":5,"column":18},"end":{"line":5,"column":56}},"3":{"start":{"line":6,"column":4},"end":{"line":6,"column":27}},"4":{"start":{"line":7,"column":4},"end":{"line":7,"column":16}},"5":{"start":{"line":10,"column":2},"end":{"line":10,"column":15}}},"fnMap":{"0":{"name":"requireEnv","decl":{"start":{"line":1,"column":16},"end":{"line":1,"column":26}},"loc":{"start":{"line":1,"column":33},"end":{"line":11,"column":1}},"line":1}},"branchMap":{"0":{"loc":{"start":{"line":4,"column":2},"end":{"line":8,"column":3}},"type":"if","locations":[{"start":{"line":4,"column":2},"end":{"line":8,"column":3}},{"start":{},"end":{}}],"line":4},"1":{"loc":{"start":{"line":4,"column":6},"end":{"line":4,"column":39}},"type":"binary-expr","locations":[{"start":{"line":4,"column":6},"end":{"line":4,"column":12}},{"start":{"line":4,"column":16},"end":{"line":4,"column":39}}],"line":4}},"s":{"0":9,"1":9,"2":2,"3":2,"4":2,"5":7},"f":{"0":9},"b":{"0":[2,7],"1":[9,7]},"_coverageSchema":"1a1c01bbd47fc00a2c39e90264f33305004495a9","hash":"5964f1c08e85b1bf3f1b2d976491ab290530f9ca"}
,"/Users/tejashvigautam/Developer/apibot/controllers/automationController.js": {"path":"/Users/tejashvigautam/Developer/apibot/controllers/automationController.js","statementMap":{"0":{"start":{"line":9,"column":2},"end":{"line":71,"column":3}},"1":{"start":{"line":10,"column":24},"end":{"line":10,"column":32}},"2":{"start":{"line":11,"column":18},"end":{"line":11,"column":47}},"3":{"start":{"line":13,"column":4},"end":{"line":18,"column":5}},"4":{"start":{"line":14,"column":6},"end":{"line":17,"column":9}},"5":{"start":{"line":20,"column":17},"end":{"line":20,"column":65}},"6":{"start":{"line":21,"column":20},"end":{"line":21,"column":22}},"7":{"start":{"line":22,"column":23},"end":{"line":22,"column":25}},"8":{"start":{"line":24,"column":4},"end":{"line":57,"column":5}},"9":{"start":{"line":25,"column":28},"end":{"line":25,"column":61}},"10":{"start":{"line":27,"column":6},"end":{"line":56,"column":7}},"11":{"start":{"line":28,"column":22},"end":{"line":34,"column":9}},"12":{"start":{"line":36,"column":8},"end":{"line":52,"column":9}},"13":{"start":{"line":37,"column":23},"end":{"line":40,"column":12}},"14":{"start":{"line":42,"column":10},"end":{"line":46,"column":13}},"15":{"start":{"line":48,"column":10},"end":{"line":48,"column":32}},"16":{"start":{"line":50,"column":10},"end":{"line":50,"column":34}},"17":{"start":{"line":51,"column":10},"end":{"line":51,"column":38}},"18":{"start":{"line":54,"column":8},"end":{"line":54,"column":31}},"19":{"start":{"line":55,"column":8},"end":{"line":55,"column":28}},"20":{"start":{"line":59,"column":4},"end":{"line":59,"column":44}},"21":{"start":{"line":61,"column":4},"end":{"line":68,"column":7}},"22":{"start":{"line":64,"column":45},"end":{"line":64,"column":69}},"23":{"start":{"line":70,"column":4},"end":{"line":70,"column":16}}},"fnMap":{"0":{"name":"runAutomation","decl":{"start":{"line":8,"column":22},"end":{"line":8,"column":35}},"loc":{"start":{"line":8,"column":52},"end":{"line":72,"column":1}},"line":8},"1":{"name":"(anonymous_1)","decl":{"start":{"line":64,"column":33},"end":{"line":64,"column":34}},"loc":{"start":{"line":64,"column":45},"end":{"line":64,"column":69}},"line":64}},"branchMap":{"0":{"loc":{"start":{"line":13,"column":4},"end":{"line":18,"column":5}},"type":"if","locations":[{"start":{"line":13,"column":4},"end":{"line":18,"column":5}},{"start":{},"end":{}}],"line":13}},"s":{"0":3,"1":3,"2":3,"3":3,"4":1,"5":2,"6":2,"7":2,"8":2,"9":3,"10":3,"11":6,"12":6,"13":6,"14":6,"15":5,"16":1,"17":1,"18":6,"19":6,"20":2,"21":2,"22":6,"23":0},"f":{"0":3,"1":6},"b":{"0":[1,2]},"_coverageSchema":"1a1c01bbd47fc00a2c39e90264f33305004495a9","hash":"21ce130f9ee82f0224a74c0cf95877b0defa1b0f"}
,"/Users/tejashvigautam/Developer/apibot/controllers/emailController.js": {"path":"/Users/tejashvigautam/Developer/apibot/controllers/emailController.js","statementMap":{"0":{"start":{"line":6,"column":2},"end":{"line":24,"column":3}},"1":{"start":{"line":7,"column":34},"end":{"line":7,"column":42}},"2":{"start":{"line":9,"column":4},"end":{"line":14,"column":5}},"3":{"start":{"line":10,"column":6},"end":{"line":13,"column":9}},"4":{"start":{"line":16,"column":18},"end":{"line":16,"column":64}},"5":{"start":{"line":18,"column":4},"end":{"line":21,"column":7}},"6":{"start":{"line":23,"column":4},"end":{"line":23,"column":16}},"7":{"start":{"line":28,"column":2},"end":{"line":54,"column":3}},"8":{"start":{"line":29,"column":34},"end":{"line":29,"column":42}},"9":{"start":{"line":31,"column":4},"end":{"line":36,"column":5}},"10":{"start":{"line":32,"column":6},"end":{"line":35,"column":9}},"11":{"start":{"line":38,"column":4},"end":{"line":43,"column":5}},"12":{"start":{"line":39,"column":6},"end":{"line":42,"column":9}},"13":{"start":{"line":45,"column":19},"end":{"line":45,"column":61}},"14":{"start":{"line":47,"column":4},"end":{"line":51,"column":7}},"15":{"start":{"line":53,"column":4},"end":{"line":53,"column":16}}},"fnMap":{"0":{"name":"generateEmail","decl":{"start":{"line":5,"column":22},"end":{"line":5,"column":35}},"loc":{"start":{"line":5,"column":52},"end":{"line":25,"column":1}},"line":5},"1":{"name":"sendEmail","decl":{"start":{"line":27,"column":22},"end":{"line":27,"column":31}},"loc":{"start":{"line":27,"column":48},"end":{"line":55,"column":1}},"line":27}},"branchMap":{"0":{"loc":{"start":{"line":9,"column":4},"end":{"line":14,"column":5}},"type":"if","locations":[{"start":{"line":9,"column":4},"end":{"line":14,"column":5}},{"start":{},"end":{}}],"line":9},"1":{"loc":{"start":{"line":9,"column":8},"end":{"line":9,"column":29}},"type":"binary-expr","locations":[{"start":{"line":9,"column":8},"end":{"line":9,"column":17}},{"start":{"line":9,"column":21},"end":{"line":9,"column":29}}],"line":9},"2":{"loc":{"start":{"line":31,"column":4},"end":{"line":36,"column":5}},"type":"if","locations":[{"start":{"line":31,"column":4},"end":{"line":36,"column":5}},{"start":{},"end":{}}],"line":31},"3":{"loc":{"start":{"line":31,"column":8},"end":{"line":31,"column":32}},"type":"binary-expr","locations":[{"start":{"line":31,"column":8},"end":{"line":31,"column":11}},{"start":{"line":31,"column":15},"end":{"line":31,"column":23}},{"start":{"line":31,"column":27},"end":{"line":31,"column":32}}],"line":31},"4":{"loc":{"start":{"line":38,"column":4},"end":{"line":43,"column":5}},"type":"if","locations":[{"start":{"line":38,"column":4},"end":{"line":43,"column":5}},{"start":{},"end":{}}],"line":38}},"s":{"0":3,"1":3,"2":3,"3":1,"4":2,"5":1,"6":1,"7":3,"8":3,"9":3,"10":0,"11":3,"12":1,"13":2,"14":1,"15":1},"f":{"0":3,"1":3},"b":{"0":[1,2],"1":[3,3],"2":[0,3],"3":[3,3,3],"4":[1,2]},"_coverageSchema":"1a1c01bbd47fc00a2c39e90264f33305004495a9","hash":"cf3bd1d3b89c31ec823ad125e3db94889b40df5b"}
,"/Users/tejashvigautam/Developer/apibot/controllers/jobController.js": {"path":"/Users/tejashvigautam/Developer/apibot/controllers/jobController.js","statementMap":{"0":{"start":{"line":5,"column":2},"end":{"line":24,"column":3}},"1":{"start":{"line":6,"column":24},"end":{"line":6,"column":33}},"2":{"start":{"line":7,"column":18},"end":{"line":7,"column":48}},"3":{"start":{"line":9,"column":4},"end":{"line":14,"column":5}},"4":{"start":{"line":10,"column":6},"end":{"line":13,"column":9}},"5":{"start":{"line":16,"column":17},"end":{"line":16,"column":65}},"6":{"start":{"line":18,"column":4},"end":{"line":21,"column":7}},"7":{"start":{"line":23,"column":4},"end":{"line":23,"column":16}}},"fnMap":{"0":{"name":"scrapeJobs","decl":{"start":{"line":4,"column":22},"end":{"line":4,"column":32}},"loc":{"start":{"line":4,"column":49},"end":{"line":25,"column":1}},"line":4}},"branchMap":{"0":{"loc":{"start":{"line":9,"column":4},"end":{"line":14,"column":5}},"type":"if","locations":[{"start":{"line":9,"column":4},"end":{"line":14,"column":5}},{"start":{},"end":{}}],"line":9}},"s":{"0":3,"1":3,"2":3,"3":3,"4":1,"5":2,"6":1,"7":1},"f":{"0":3},"b":{"0":[1,2]},"_coverageSchema":"1a1c01bbd47fc00a2c39e90264f33305004495a9","hash":"ee22209216ea21363384dbd72869beb6cb3e1216"}
,"/Users/tejashvigautam/Developer/apibot/middleware/rateLimiter.js": {"path":"/Users/tejashvigautam/Developer/apibot/middleware/rateLimiter.js","statementMap":{"0":{"start":{"line":1,"column":16},"end":{"line":1,"column":25}},"1":{"start":{"line":4,"column":2},"end":{"line":27,"column":4}},"2":{"start":{"line":5,"column":16},"end":{"line":5,"column":63}},"3":{"start":{"line":6,"column":16},"end":{"line":6,"column":26}},"4":{"start":{"line":7,"column":19},"end":{"line":7,"column":35}},"5":{"start":{"line":9,"column":4},"end":{"line":15,"column":5}},"6":{"start":{"line":10,"column":6},"end":{"line":13,"column":9}},"7":{"start":{"line":14,"column":6},"end":{"line":14,"column":20}},"8":{"start":{"line":17,"column":4},"end":{"line":17,"column":22}},"9":{"start":{"line":19,"column":4},"end":{"line":24,"column":5}},"10":{"start":{"line":20,"column":6},"end":{"line":23,"column":9}},"11":{"start":{"line":26,"column":4},"end":{"line":26,"column":18}},"12":{"start":{"line":31,"column":2},"end":{"line":31,"column":18}}},"fnMap":{"0":{"name":"createRateLimiter","decl":{"start":{"line":3,"column":16},"end":{"line":3,"column":33}},"loc":{"start":{"line":3,"column":79},"end":{"line":28,"column":1}},"line":3},"1":{"name":"(anonymous_1)","decl":{"start":{"line":4,"column":9},"end":{"line":4,"column":10}},"loc":{"start":{"line":4,"column":29},"end":{"line":27,"column":3}},"line":4},"2":{"name":"clearRateLimitBuckets","decl":{"start":{"line":30,"column":16},"end":{"line":30,"column":37}},"loc":{"start":{"line":30,"column":40},"end":{"line":32,"column":1}},"line":30}},"branchMap":{"0":{"loc":{"start":{"line":3,"column":34},"end":{"line":3,"column":77}},"type":"default-arg","locations":[{"start":{"line":3,"column":75},"end":{"line":3,"column":77}}],"line":3},"1":{"loc":{"start":{"line":3,"column":36},"end":{"line":3,"column":52}},"type":"default-arg","locations":[{"start":{"line":3,"column":47},"end":{"line":3,"column":52}}],"line":3},"2":{"loc":{"start":{"line":3,"column":54},"end":{"line":3,"column":70}},"type":"default-arg","locations":[{"start":{"line":3,"column":68},"end":{"line":3,"column":70}}],"line":3},"3":{"loc":{"start":{"line":5,"column":16},"end":{"line":5,"column":63}},"type":"binary-expr","locations":[{"start":{"line":5,"column":16},"end":{"line":5,"column":22}},{"start":{"line":5,"column":26},"end":{"line":5,"column":50}},{"start":{"line":5,"column":54},"end":{"line":5,"column":63}}],"line":5},"4":{"loc":{"start":{"line":9,"column":4},"end":{"line":15,"column":5}},"type":"if","locations":[{"start":{"line":9,"column":4},"end":{"line":15,"column":5}},{"start":{},"end":{}}],"line":9},"5":{"loc":{"start":{"line":9,"column":8},"end":{"line":9,"column":40}},"type":"binary-expr","locations":[{"start":{"line":9,"column":8},"end":{"line":9,"column":15}},{"start":{"line":9,"column":19},"end":{"line":9,"column":40}}],"line":9},"6":{"loc":{"start":{"line":19,"column":4},"end":{"line":24,"column":5}},"type":"if","locations":[{"start":{"line":19,"column":4},"end":{"line":24,"column":5}},{"start":{},"end":{}}],"line":19}},"s":{"0":1,"1":1,"2":3,"3":3,"4":3,"5":3,"6":1,"7":1,"8":2,"9":2,"10":1,"11":1,"12":15},"f":{"0":1,"1":3,"2":15},"b":{"0":[0],"1":[0],"2":[0],"3":[3,0,0],"4":[1,2],"5":[3,2],"6":[1,1]},"_coverageSchema":"1a1c01bbd47fc00a2c39e90264f33305004495a9","hash":"5ab8a93850442e2b14285a9ba65dc757fdbc2be4"}
,"/Users/tejashvigautam/Developer/apibot/services/emailService.js": {"path":"/Users/tejashvigautam/Developer/apibot/services/emailService.js","statementMap":{"0":{"start":{"line":9,"column":2},"end":{"line":11,"column":3}},"1":{"start":{"line":10,"column":4},"end":{"line":10,"column":54}},"2":{"start":{"line":13,"column":2},"end":{"line":13,"column":16}},"3":{"start":{"line":17,"column":15},"end":{"line":17,"column":34}},"4":{"start":{"line":19,"column":2},"end":{"line":21,"column":3}},"5":{"start":{"line":20,"column":4},"end":{"line":20,"column":16}},"6":{"start":{"line":23,"column":2},"end":{"line":28,"column":14}},"7":{"start":{"line":25,"column":19},"end":{"line":25,"column":30}},"8":{"start":{"line":27,"column":19},"end":{"line":27,"column":47}},"9":{"start":{"line":32,"column":2},"end":{"line":37,"column":31}},"10":{"start":{"line":41,"column":17},"end":{"line":41,"column":34}},"11":{"start":{"line":42,"column":21},"end":{"line":42,"column":62}},"12":{"start":{"line":43,"column":17},"end":{"line":51,"column":4}},"13":{"start":{"line":44,"column":4},"end":{"line":48,"column":5}},"14":{"start":{"line":45,"column":33},"end":{"line":45,"column":82}},"15":{"start":{"line":46,"column":6},"end":{"line":46,"column":42}},"16":{"start":{"line":47,"column":6},"end":{"line":47,"column":31}},"17":{"start":{"line":50,"column":4},"end":{"line":50,"column":16}},"18":{"start":{"line":53,"column":26},"end":{"line":64,"column":4}},"19":{"start":{"line":66,"column":2},"end":{"line":68,"column":3}},"20":{"start":{"line":67,"column":4},"end":{"line":67,"column":68}},"21":{"start":{"line":70,"column":2},"end":{"line":70,"column":14}}},"fnMap":{"0":{"name":"getResendClient","decl":{"start":{"line":8,"column":9},"end":{"line":8,"column":24}},"loc":{"start":{"line":8,"column":27},"end":{"line":14,"column":1}},"line":8},"1":{"name":"textToHtml","decl":{"start":{"line":16,"column":9},"end":{"line":16,"column":19}},"loc":{"start":{"line":16,"column":26},"end":{"line":29,"column":1}},"line":16},"2":{"name":"(anonymous_2)","decl":{"start":{"line":25,"column":9},"end":{"line":25,"column":10}},"loc":{"start":{"line":25,"column":19},"end":{"line":25,"column":30}},"line":25},"3":{"name":"(anonymous_3)","decl":{"start":{"line":27,"column":9},"end":{"line":27,"column":10}},"loc":{"start":{"line":27,"column":19},"end":{"line":27,"column":47}},"line":27},"4":{"name":"escapeHtml","decl":{"start":{"line":31,"column":9},"end":{"line":31,"column":19}},"loc":{"start":{"line":31,"column":27},"end":{"line":38,"column":1}},"line":31},"5":{"name":"sendColdEmail","decl":{"start":{"line":40,"column":22},"end":{"line":40,"column":35}},"loc":{"start":{"line":40,"column":59},"end":{"line":71,"column":1}},"line":40},"6":{"name":"(anonymous_6)","decl":{"start":{"line":43,"column":53},"end":{"line":43,"column":54}},"loc":{"start":{"line":43,"column":64},"end":{"line":51,"column":3}},"line":43}},"branchMap":{"0":{"loc":{"start":{"line":9,"column":2},"end":{"line":11,"column":3}},"type":"if","locations":[{"start":{"line":9,"column":2},"end":{"line":11,"column":3}},{"start":{},"end":{}}],"line":9},"1":{"loc":{"start":{"line":19,"column":2},"end":{"line":21,"column":3}},"type":"if","locations":[{"start":{"line":19,"column":2},"end":{"line":21,"column":3}},{"start":{},"end":{}}],"line":19},"2":{"loc":{"start":{"line":44,"column":4},"end":{"line":48,"column":5}},"type":"if","locations":[{"start":{"line":44,"column":4},"end":{"line":48,"column":5}},{"start":{},"end":{}}],"line":44},"3":{"loc":{"start":{"line":54,"column":10},"end":{"line":54,"column":81}},"type":"binary-expr","locations":[{"start":{"line":54,"column":10},"end":{"line":54,"column":39}},{"start":{"line":54,"column":43},"end":{"line":54,"column":81}}],"line":54},"4":{"loc":{"start":{"line":66,"column":2},"end":{"line":68,"column":3}},"type":"if","locations":[{"start":{"line":66,"column":2},"end":{"line":68,"column":3}},{"start":{},"end":{}}],"line":66},"5":{"loc":{"start":{"line":67,"column":20},"end":{"line":67,"column":66}},"type":"binary-expr","locations":[{"start":{"line":67,"column":20},"end":{"line":67,"column":33}},{"start":{"line":67,"column":37},"end":{"line":67,"column":66}}],"line":67}},"s":{"0":4,"1":4,"2":4,"3":3,"4":3,"5":1,"6":2,"7":2,"8":2,"9":2,"10":4,"11":4,"12":4,"13":1,"14":1,"15":1,"16":1,"17":0,"18":3,"19":3,"20":1,"21":2},"f":{"0":4,"1":3,"2":2,"3":2,"4":2,"5":4,"6":1},"b":{"0":[4,0],"1":[1,2],"2":[1,0],"3":[3,0],"4":[1,2],"5":[1,0]},"_coverageSchema":"1a1c01bbd47fc00a2c39e90264f33305004495a9","hash":"b78a2bef9cf9e094504f860ed6374c2434881ddf"}
,"/Users/tejashvigautam/Developer/apibot/services/geminiService.js": {"path":"/Users/tejashvigautam/Developer/apibot/services/geminiService.js","statementMap":{"0":{"start":{"line":7,"column":2},"end":{"line":12,"column":3}},"1":{"start":{"line":8,"column":18},"end":{"line":8,"column":70}},"2":{"start":{"line":9,"column":4},"end":{"line":11,"column":7}},"3":{"start":{"line":14,"column":2},"end":{"line":14,"column":15}},"4":{"start":{"line":18,"column":17},"end":{"line":18,"column":33}},"5":{"start":{"line":20,"column":17},"end":{"line":35,"column":14}},"6":{"start":{"line":37,"column":17},"end":{"line":48,"column":4}},"7":{"start":{"line":50,"column":16},"end":{"line":50,"column":45}},"8":{"start":{"line":52,"column":2},"end":{"line":54,"column":3}},"9":{"start":{"line":53,"column":4},"end":{"line":53,"column":54}},"10":{"start":{"line":56,"column":2},"end":{"line":56,"column":15}}},"fnMap":{"0":{"name":"getGeminiModel","decl":{"start":{"line":6,"column":9},"end":{"line":6,"column":23}},"loc":{"start":{"line":6,"column":26},"end":{"line":15,"column":1}},"line":6},"1":{"name":"generateColdEmail","decl":{"start":{"line":17,"column":22},"end":{"line":17,"column":39}},"loc":{"start":{"line":17,"column":63},"end":{"line":57,"column":1}},"line":17}},"branchMap":{"0":{"loc":{"start":{"line":7,"column":2},"end":{"line":12,"column":3}},"type":"if","locations":[{"start":{"line":7,"column":2},"end":{"line":12,"column":3}},{"start":{},"end":{}}],"line":7},"1":{"loc":{"start":{"line":10,"column":13},"end":{"line":10,"column":59}},"type":"binary-expr","locations":[{"start":{"line":10,"column":13},"end":{"line":10,"column":37}},{"start":{"line":10,"column":41},"end":{"line":10,"column":59}}],"line":10},"2":{"loc":{"start":{"line":52,"column":2},"end":{"line":54,"column":3}},"type":"if","locations":[{"start":{"line":52,"column":2},"end":{"line":54,"column":3}},{"start":{},"end":{}}],"line":52}},"s":{"0":3,"1":3,"2":2,"3":2,"4":3,"5":2,"6":2,"7":2,"8":2,"9":1,"10":1},"f":{"0":3,"1":3},"b":{"0":[3,0],"1":[2,0],"2":[1,1]},"_coverageSchema":"1a1c01bbd47fc00a2c39e90264f33305004495a9","hash":"ccf276176a96f209335141095f9f33c3868fd9ee"}
,"/Users/tejashvigautam/Developer/apibot/services/jobScraperService.js": {"path":"/Users/tejashvigautam/Developer/apibot/services/jobScraperService.js","statementMap":{"0":{"start":{"line":3,"column":26},"end":{"line":3,"column":64}},"1":{"start":{"line":6,"column":18},"end":{"line":8,"column":4}},"2":{"start":{"line":10,"column":2},"end":{"line":75,"column":3}},"3":{"start":{"line":11,"column":17},"end":{"line":14,"column":6}},"4":{"start":{"line":16,"column":16},"end":{"line":16,"column":42}},"5":{"start":{"line":17,"column":4},"end":{"line":17,"column":46}},"6":{"start":{"line":18,"column":4},"end":{"line":18,"column":77}},"7":{"start":{"line":20,"column":4},"end":{"line":23,"column":7}},"8":{"start":{"line":25,"column":29},"end":{"line":25,"column":72}},"9":{"start":{"line":26,"column":24},"end":{"line":31,"column":25}},"10":{"start":{"line":30,"column":18},"end":{"line":30,"column":22}},"11":{"start":{"line":31,"column":19},"end":{"line":31,"column":24}},"12":{"start":{"line":33,"column":4},"end":{"line":35,"column":5}},"13":{"start":{"line":34,"column":6},"end":{"line":34,"column":16}},"14":{"start":{"line":37,"column":17},"end":{"line":70,"column":5}},"15":{"start":{"line":40,"column":8},"end":{"line":67,"column":29}},"16":{"start":{"line":43,"column":14},"end":{"line":45,"column":16}},"17":{"start":{"line":47,"column":14},"end":{"line":49,"column":16}},"18":{"start":{"line":51,"column":14},"end":{"line":52,"column":16}},"19":{"start":{"line":54,"column":14},"end":{"line":56,"column":16}},"20":{"start":{"line":57,"column":29},"end":{"line":57,"column":49}},"21":{"start":{"line":59,"column":12},"end":{"line":64,"column":14}},"22":{"start":{"line":66,"column":27},"end":{"line":66,"column":62}},"23":{"start":{"line":72,"column":4},"end":{"line":72,"column":16}},"24":{"start":{"line":74,"column":4},"end":{"line":74,"column":26}}},"fnMap":{"0":{"name":"scrapeLinkedInJobs","decl":{"start":{"line":5,"column":22},"end":{"line":5,"column":40}},"loc":{"start":{"line":5,"column":61},"end":{"line":76,"column":1}},"line":5},"1":{"name":"(anonymous_1)","decl":{"start":{"line":30,"column":12},"end":{"line":30,"column":13}},"loc":{"start":{"line":30,"column":18},"end":{"line":30,"column":22}},"line":30},"2":{"name":"(anonymous_2)","decl":{"start":{"line":31,"column":13},"end":{"line":31,"column":14}},"loc":{"start":{"line":31,"column":19},"end":{"line":31,"column":24}},"line":31},"3":{"name":"(anonymous_3)","decl":{"start":{"line":39,"column":6},"end":{"line":39,"column":7}},"loc":{"start":{"line":39,"column":26},"end":{"line":68,"column":7}},"line":39},"4":{"name":"(anonymous_4)","decl":{"start":{"line":41,"column":15},"end":{"line":41,"column":16}},"loc":{"start":{"line":41,"column":25},"end":{"line":65,"column":11}},"line":41},"5":{"name":"(anonymous_5)","decl":{"start":{"line":66,"column":18},"end":{"line":66,"column":19}},"loc":{"start":{"line":66,"column":27},"end":{"line":66,"column":62}},"line":66}},"branchMap":{"0":{"loc":{"start":{"line":5,"column":50},"end":{"line":5,"column":59}},"type":"default-arg","locations":[{"start":{"line":5,"column":58},"end":{"line":5,"column":59}}],"line":5},"1":{"loc":{"start":{"line":33,"column":4},"end":{"line":35,"column":5}},"type":"if","locations":[{"start":{"line":33,"column":4},"end":{"line":35,"column":5}},{"start":{},"end":{}}],"line":33},"2":{"loc":{"start":{"line":43,"column":14},"end":{"line":45,"column":16}},"type":"binary-expr","locations":[{"start":{"line":43,"column":14},"end":{"line":43,"column":81}},{"start":{"line":44,"column":14},"end":{"line":44,"column":59}},{"start":{"line":45,"column":14},"end":{"line":45,"column":16}}],"line":43},"3":{"loc":{"start":{"line":47,"column":14},"end":{"line":49,"column":16}},"type":"binary-expr","locations":[{"start":{"line":47,"column":14},"end":{"line":47,"column":84}},{"start":{"line":48,"column":14},"end":{"line":48,"column":59}},{"start":{"line":49,"column":14},"end":{"line":49,"column":16}}],"line":47},"4":{"loc":{"start":{"line":51,"column":14},"end":{"line":52,"column":16}},"type":"binary-expr","locations":[{"start":{"line":51,"column":14},"end":{"line":51,"column":83}},{"start":{"line":52,"column":14},"end":{"line":52,"column":16}}],"line":51},"5":{"loc":{"start":{"line":54,"column":14},"end":{"line":56,"column":16}},"type":"binary-expr","locations":[{"start":{"line":54,"column":14},"end":{"line":54,"column":64}},{"start":{"line":55,"column":14},"end":{"line":55,"column":43}},{"start":{"line":56,"column":14},"end":{"line":56,"column":16}}],"line":54},"6":{"loc":{"start":{"line":66,"column":27},"end":{"line":66,"column":62}},"type":"binary-expr","locations":[{"start":{"line":66,"column":27},"end":{"line":66,"column":36}},{"start":{"line":66,"column":40},"end":{"line":66,"column":51}},{"start":{"line":66,"column":55},"end":{"line":66,"column":62}}],"line":66}},"s":{"0":3,"1":3,"2":3,"3":3,"4":3,"5":3,"6":3,"7":3,"8":2,"9":2,"10":1,"11":1,"12":2,"13":1,"14":1,"15":0,"16":0,"17":0,"18":0,"19":0,"20":0,"21":0,"22":0,"23":1,"24":3},"f":{"0":3,"1":1,"2":1,"3":0,"4":0,"5":0},"b":{"0":[0],"1":[1,1],"2":[0,0,0],"3":[0,0,0],"4":[0,0],"5":[0,0,0],"6":[0,0,0]},"_coverageSchema":"1a1c01bbd47fc00a2c39e90264f33305004495a9","hash":"16ba7110c82f4191d58388483ed09a9dadb0563b"}
,"/Users/tejashvigautam/Developer/apibot/services/logService.js": {"path":"/Users/tejashvigautam/Developer/apibot/services/logService.js","statementMap":{"0":{"start":{"line":4,"column":16},"end":{"line":4,"column":51}},"1":{"start":{"line":5,"column":24},"end":{"line":5,"column":63}},"2":{"start":{"line":8,"column":2},"end":{"line":8,"column":47}},"3":{"start":{"line":10,"column":23},"end":{"line":10,"column":50}},"4":{"start":{"line":11,"column":19},"end":{"line":11,"column":48}},"5":{"start":{"line":13,"column":2},"end":{"line":13,"column":73}},"6":{"start":{"line":15,"column":2},"end":{"line":15,"column":18}},"7":{"start":{"line":19,"column":2},"end":{"line":29,"column":3}},"8":{"start":{"line":20,"column":16},"end":{"line":20,"column":58}},"9":{"start":{"line":21,"column":19},"end":{"line":21,"column":34}},"10":{"start":{"line":22,"column":4},"end":{"line":22,"column":47}},"11":{"start":{"line":24,"column":4},"end":{"line":26,"column":5}},"12":{"start":{"line":25,"column":6},"end":{"line":25,"column":16}},"13":{"start":{"line":28,"column":4},"end":{"line":28,"column":16}}},"fnMap":{"0":{"name":"appendApplicationLogs","decl":{"start":{"line":7,"column":22},"end":{"line":7,"column":43}},"loc":{"start":{"line":7,"column":53},"end":{"line":16,"column":1}},"line":7},"1":{"name":"readApplicationLogs","decl":{"start":{"line":18,"column":22},"end":{"line":18,"column":41}},"loc":{"start":{"line":18,"column":44},"end":{"line":30,"column":1}},"line":18}},"branchMap":{"0":{"loc":{"start":{"line":22,"column":11},"end":{"line":22,"column":46}},"type":"cond-expr","locations":[{"start":{"line":22,"column":35},"end":{"line":22,"column":41}},{"start":{"line":22,"column":44},"end":{"line":22,"column":46}}],"line":22},"1":{"loc":{"start":{"line":24,"column":4},"end":{"line":26,"column":5}},"type":"if","locations":[{"start":{"line":24,"column":4},"end":{"line":26,"column":5}},{"start":{},"end":{}}],"line":24}},"s":{"0":2,"1":2,"2":1,"3":1,"4":1,"5":1,"6":1,"7":3,"8":3,"9":1,"10":1,"11":2,"12":2,"13":0},"f":{"0":1,"1":3},"b":{"0":[1,0],"1":[2,0]},"_coverageSchema":"1a1c01bbd47fc00a2c39e90264f33305004495a9","hash":"1066c1e57d614a93c463c03e123643d1773f7590"}
,"/Users/tejashvigautam/Developer/apibot/utils/emailGuesser.js": {"path":"/Users/tejashvigautam/Developer/apibot/utils/emailGuesser.js","statementMap":{"0":{"start":{"line":2,"column":17},"end":{"line":2,"column":55}},"1":{"start":{"line":4,"column":2},"end":{"line":4,"column":47}},"2":{"start":{"line":8,"column":2},"end":{"line":13,"column":12}}},"fnMap":{"0":{"name":"buildRecruiterEmails","decl":{"start":{"line":1,"column":16},"end":{"line":1,"column":36}},"loc":{"start":{"line":1,"column":46},"end":{"line":5,"column":1}},"line":1},"1":{"name":"normalizeCompanyName","decl":{"start":{"line":7,"column":9},"end":{"line":7,"column":29}},"loc":{"start":{"line":7,"column":39},"end":{"line":14,"column":1}},"line":7}},"branchMap":{},"s":{"0":3,"1":3,"2":3},"f":{"0":3,"1":3},"b":{},"_coverageSchema":"1a1c01bbd47fc00a2c39e90264f33305004495a9","hash":"490744655739ba8bec06e5d3299d80823ebf09e9"}
,"/Users/tejashvigautam/Developer/apibot/utils/validation.js": {"path":"/Users/tejashvigautam/Developer/apibot/utils/validation.js","statementMap":{"0":{"start":{"line":2,"column":17},"end":{"line":2,"column":43}},"1":{"start":{"line":4,"column":2},"end":{"line":6,"column":3}},"2":{"start":{"line":5,"column":4},"end":{"line":5,"column":20}},"3":{"start":{"line":8,"column":2},"end":{"line":8,"column":43}},"4":{"start":{"line":12,"column":2},"end":{"line":12,"column":58}}},"fnMap":{"0":{"name":"parseLimit","decl":{"start":{"line":1,"column":16},"end":{"line":1,"column":26}},"loc":{"start":{"line":1,"column":48},"end":{"line":9,"column":1}},"line":1},"1":{"name":"isValidEmail","decl":{"start":{"line":11,"column":16},"end":{"line":11,"column":28}},"loc":{"start":{"line":11,"column":36},"end":{"line":13,"column":1}},"line":11}},"branchMap":{"0":{"loc":{"start":{"line":1,"column":34},"end":{"line":1,"column":46}},"type":"default-arg","locations":[{"start":{"line":1,"column":45},"end":{"line":1,"column":46}}],"line":1},"1":{"loc":{"start":{"line":4,"column":2},"end":{"line":6,"column":3}},"type":"if","locations":[{"start":{"line":4,"column":2},"end":{"line":6,"column":3}},{"start":{},"end":{}}],"line":4}},"s":{"0":10,"1":10,"2":1,"3":9,"4":5},"f":{"0":10,"1":5},"b":{"0":[0],"1":[1,9]},"_coverageSchema":"1a1c01bbd47fc00a2c39e90264f33305004495a9","hash":"1ed6aa04f4984640fa5f45644e129d3334d19287"}
}
