TN:
SF:app.js
FN:9,createApp
FN:32,(anonymous_1)
FN:39,(anonymous_2)
FNF:3
FNH:2
FNDA:2,createApp
FNDA:0,(anonymous_1)
FNDA:4,(anonymous_2)
DA:10,2
DA:11,2
DA:13,2
DA:21,2
DA:23,2
DA:24,1
DA:27,2
DA:28,2
DA:29,2
DA:30,2
DA:32,2
DA:33,0
DA:39,2
DA:40,4
DA:41,1
DA:47,3
DA:48,3
DA:54,2
LF:18
LH:17
BRDA:9,0,0,0
BRDA:11,1,0,2
BRDA:11,1,1,0
BRDA:13,2,0,2
BRDA:13,2,1,1
BRDA:14,3,0,0
BRDA:14,3,1,1
BRDA:16,4,0,0
BRDA:16,4,1,0
BRDA:17,5,0,0
BRDA:17,5,1,0
BRDA:23,6,0,1
BRDA:23,6,1,1
BRDA:40,7,0,1
BRDA:40,7,1,3
BRDA:40,8,0,4
BRDA:40,8,1,1
BRDA:40,8,2,1
BRDA:48,9,0,3
BRDA:48,9,1,3
BRDA:50,10,0,3
BRDA:50,10,1,0
BRF:22
BRH:14
end_of_record
TN:
SF:config/env.js
FN:1,requireEnv
FNF:1
FNH:1
FNDA:9,requireEnv
DA:2,9
DA:4,9
DA:5,2
DA:6,2
DA:7,2
DA:10,7
LF:6
LH:6
BRDA:4,0,0,2
BRDA:4,0,1,7
BRDA:4,1,0,9
BRDA:4,1,1,7
BRF:4
BRH:4
end_of_record
TN:
SF:controllers/automationController.js
FN:8,runAutomation
FN:64,(anonymous_1)
FNF:2
FNH:2
FNDA:3,runAutomation
FNDA:6,(anonymous_1)
DA:9,3
DA:10,3
DA:11,3
DA:13,3
DA:14,1
DA:20,2
DA:21,2
DA:22,2
DA:24,2
DA:25,3
DA:27,3
DA:28,6
DA:36,6
DA:37,6
DA:42,6
DA:48,5
DA:50,1
DA:51,1
DA:54,6
DA:55,6
DA:59,2
DA:61,2
DA:64,6
DA:70,0
LF:24
LH:23
BRDA:13,0,0,1
BRDA:13,0,1,2
BRF:2
BRH:2
end_of_record
TN:
SF:controllers/emailController.js
FN:5,generateEmail
FN:27,sendEmail
FNF:2
FNH:2
FNDA:3,generateEmail
FNDA:3,sendEmail
DA:6,3
DA:7,3
DA:9,3
DA:10,1
DA:16,2
DA:18,1
DA:23,1
DA:28,3
DA:29,3
DA:31,3
DA:32,0
DA:38,3
DA:39,1
DA:45,2
DA:47,1
DA:53,1
LF:16
LH:15
BRDA:9,0,0,1
BRDA:9,0,1,2
BRDA:9,1,0,3
BRDA:9,1,1,3
BRDA:31,2,0,0
BRDA:31,2,1,3
BRDA:31,3,0,3
BRDA:31,3,1,3
BRDA:31,3,2,3
BRDA:38,4,0,1
BRDA:38,4,1,2
BRF:11
BRH:10
end_of_record
TN:
SF:controllers/jobController.js
FN:4,scrapeJobs
FNF:1
FNH:1
FNDA:3,scrapeJobs
DA:5,3
DA:6,3
DA:7,3
DA:9,3
DA:10,1
DA:16,2
DA:18,1
DA:23,1
LF:8
LH:8
BRDA:9,0,0,1
BRDA:9,0,1,2
BRF:2
BRH:2
end_of_record
TN:
SF:middleware/rateLimiter.js
FN:3,createRateLimiter
FN:4,(anonymous_1)
FN:30,clearRateLimitBuckets
FNF:3
FNH:3
FNDA:1,createRateLimiter
FNDA:3,(anonymous_1)
FNDA:15,clearRateLimitBuckets
DA:1,1
DA:4,1
DA:5,3
DA:6,3
DA:7,3
DA:9,3
DA:10,1
DA:14,1
DA:17,2
DA:19,2
DA:20,1
DA:26,1
DA:31,15
LF:13
LH:13
BRDA:3,0,0,0
BRDA:3,1,0,0
BRDA:3,2,0,0
BRDA:5,3,0,3
BRDA:5,3,1,0
BRDA:5,3,2,0
BRDA:9,4,0,1
BRDA:9,4,1,2
BRDA:9,5,0,3
BRDA:9,5,1,2
BRDA:19,6,0,1
BRDA:19,6,1,1
BRF:12
BRH:7
end_of_record
TN:
SF:services/emailService.js
FN:8,getResendClient
FN:16,textToHtml
FN:25,(anonymous_2)
FN:27,(anonymous_3)
FN:31,escapeHtml
FN:40,sendColdEmail
FN:43,(anonymous_6)
FNF:7
FNH:7
FNDA:4,getResendClient
FNDA:3,textToHtml
FNDA:2,(anonymous_2)
FNDA:2,(anonymous_3)
FNDA:2,escapeHtml
FNDA:4,sendColdEmail
FNDA:1,(anonymous_6)
DA:9,4
DA:10,4
DA:13,4
DA:17,3
DA:19,3
DA:20,1
DA:23,2
DA:25,2
DA:27,2
DA:32,2
DA:41,4
DA:42,4
DA:43,4
DA:44,1
DA:45,1
DA:46,1
DA:47,1
DA:50,0
DA:53,3
DA:66,3
DA:67,1
DA:70,2
LF:22
LH:21
BRDA:9,0,0,4
BRDA:9,0,1,0
BRDA:19,1,0,1
BRDA:19,1,1,2
BRDA:44,2,0,1
BRDA:44,2,1,0
BRDA:54,3,0,3
BRDA:54,3,1,0
BRDA:66,4,0,1
BRDA:66,4,1,2
BRDA:67,5,0,1
BRDA:67,5,1,0
BRF:12
BRH:8
end_of_record
TN:
SF:services/geminiService.js
FN:6,getGeminiModel
FN:17,generateColdEmail
FNF:2
FNH:2
FNDA:3,getGeminiModel
FNDA:3,generateColdEmail
DA:7,3
DA:8,3
DA:9,2
DA:14,2
DA:18,3
DA:20,2
DA:37,2
DA:50,2
DA:52,2
DA:53,1
DA:56,1
LF:11
LH:11
BRDA:7,0,0,3
BRDA:7,0,1,0
BRDA:10,1,0,2
BRDA:10,1,1,0
BRDA:52,2,0,1
BRDA:52,2,1,1
BRF:6
BRH:4
end_of_record
TN:
SF:services/jobScraperService.js
FN:5,scrapeLinkedInJobs
FN:30,(anonymous_1)
FN:31,(anonymous_2)
FN:39,(anonymous_3)
FN:41,(anonymous_4)
FN:66,(anonymous_5)
FNF:6
FNH:3
FNDA:3,scrapeLinkedInJobs
FNDA:1,(anonymous_1)
FNDA:1,(anonymous_2)
FNDA:0,(anonymous_3)
FNDA:0,(anonymous_4)
FNDA:0,(anonymous_5)
DA:3,3
DA:6,3
DA:10,3
DA:11,3
DA:16,3
DA:17,3
DA:18,3
DA:20,3
DA:25,2
DA:26,2
DA:30,1
DA:31,1
DA:33,2
DA:34,1
DA:37,1
DA:40,0
DA:43,0
DA:47,0
DA:51,0
DA:54,0
DA:57,0
DA:59,0
DA:66,0
DA:72,1
DA:74,3
LF:25
LH:17
BRDA:5,0,0,0
BRDA:33,1,0,1
BRDA:33,1,1,1
BRDA:43,2,0,0
BRDA:43,2,1,0
BRDA:43,2,2,0
BRDA:47,3,0,0
BRDA:47,3,1,0
BRDA:47,3,2,0
BRDA:51,4,0,0
BRDA:51,4,1,0
BRDA:54,5,0,0
BRDA:54,5,1,0
BRDA:54,5,2,0
BRDA:66,6,0,0
BRDA:66,6,1,0
BRDA:66,6,2,0
BRF:17
BRH:2
end_of_record
TN:
SF:services/logService.js
FN:7,appendApplicationLogs
FN:18,readApplicationLogs
FNF:2
FNH:2
FNDA:1,appendApplicationLogs
FNDA:3,readApplicationLogs
DA:4,2
DA:5,2
DA:8,1
DA:10,1
DA:11,1
DA:13,1
DA:15,1
DA:19,3
DA:20,3
DA:21,1
DA:22,1
DA:24,2
DA:25,2
DA:28,0
LF:14
LH:13
BRDA:22,0,0,1
BRDA:22,0,1,0
BRDA:24,1,0,2
BRDA:24,1,1,0
BRF:4
BRH:2
end_of_record
TN:
SF:utils/emailGuesser.js
FN:1,buildRecruiterEmails
FN:7,normalizeCompanyName
FNF:2
FNH:2
FNDA:3,buildRecruiterEmails
FNDA:3,normalizeCompanyName
DA:2,3
DA:4,3
DA:8,3
LF:3
LH:3
BRF:0
BRH:0
end_of_record
TN:
SF:utils/validation.js
FN:1,parseLimit
FN:11,isValidEmail
FNF:2
FNH:2
FNDA:10,parseLimit
FNDA:5,isValidEmail
DA:2,10
DA:4,10
DA:5,1
DA:8,9
DA:12,5
LF:5
LH:5
BRDA:1,0,0,0
BRDA:4,1,0,1
BRDA:4,1,1,9
BRF:3
BRH:2
end_of_record
